0 info it worked if it ends with ok
1 verbose cli [ 'C:\\Program Files\\nodejs\\\\node.exe',
1 verbose cli   'C:\\Program Files\\nodejs\\node_modules\\npm\\bin\\npm-cli.js',
1 verbose cli   'install',
1 verbose cli   'grunt-contrib-gunit',
1 verbose cli   '--save-dev' ]
2 info using npm@1.4.28
3 info using node@v0.10.33
4 verbose node symlink C:\Program Files\nodejs\\node.exe
5 warn package.json etiyapolling@0.1.0 No description
6 warn package.json etiyapolling@0.1.0 No repository field.
7 warn package.json etiyapolling@0.1.0 No README data
8 verbose readDependencies using package.json deps
9 verbose cache add [ 'grunt-contrib-gunit', null ]
10 verbose cache add name=undefined spec="grunt-contrib-gunit" args=["grunt-contrib-gunit",null]
11 verbose parsed url { protocol: null,
11 verbose parsed url   slashes: null,
11 verbose parsed url   auth: null,
11 verbose parsed url   host: null,
11 verbose parsed url   port: null,
11 verbose parsed url   hostname: null,
11 verbose parsed url   hash: null,
11 verbose parsed url   search: null,
11 verbose parsed url   query: null,
11 verbose parsed url   pathname: 'grunt-contrib-gunit',
11 verbose parsed url   path: 'grunt-contrib-gunit',
11 verbose parsed url   href: 'grunt-contrib-gunit' }
12 silly lockFile 6a127781-grunt-contrib-gunit grunt-contrib-gunit
13 verbose lock grunt-contrib-gunit C:\Users\Cemre\AppData\Roaming\npm-cache\6a127781-grunt-contrib-gunit.lock
14 silly lockFile 6a127781-grunt-contrib-gunit grunt-contrib-gunit
15 silly lockFile 6a127781-grunt-contrib-gunit grunt-contrib-gunit
16 verbose addNamed [ 'grunt-contrib-gunit', '' ]
17 verbose addNamed [ null, '*' ]
18 silly lockFile 0d0d9925-grunt-contrib-gunit grunt-contrib-gunit@
19 verbose lock grunt-contrib-gunit@ C:\Users\Cemre\AppData\Roaming\npm-cache\0d0d9925-grunt-contrib-gunit.lock
20 silly addNameRange { name: 'grunt-contrib-gunit', range: '*', hasData: false }
21 verbose request where is /grunt-contrib-gunit
22 verbose request registry https://registry.npmjs.org/
23 verbose request id fbd985983ca425ba
24 verbose url raw /grunt-contrib-gunit
25 verbose url resolving [ 'https://registry.npmjs.org/', './grunt-contrib-gunit' ]
26 verbose url resolved https://registry.npmjs.org/grunt-contrib-gunit
27 verbose request where is https://registry.npmjs.org/grunt-contrib-gunit
28 info trying registry request attempt 1 at 16:13:27
29 http GET https://registry.npmjs.org/grunt-contrib-gunit
30 http 404 https://registry.npmjs.org/grunt-contrib-gunit
31 verbose headers { server: 'CouchDB/1.5.0 (Erlang OTP/R16B03)',
31 verbose headers   'content-type': 'application/json',
31 verbose headers   'cache-control': 'max-age=0',
31 verbose headers   'content-length': '51',
31 verbose headers   'accept-ranges': 'bytes',
31 verbose headers   date: 'Sat, 02 May 2015 13:13:34 GMT',
31 verbose headers   via: '1.1 varnish',
31 verbose headers   age: '0',
31 verbose headers   connection: 'keep-alive',
31 verbose headers   'x-served-by': 'cache-fra1227-FRA',
31 verbose headers   'x-cache': 'MISS',
31 verbose headers   'x-cache-hits': '0',
31 verbose headers   'x-timer': 'S1430572413.340607,VS0,VE722' }
32 silly registry.get cb [ 404,
32 silly registry.get   { server: 'CouchDB/1.5.0 (Erlang OTP/R16B03)',
32 silly registry.get     'content-type': 'application/json',
32 silly registry.get     'cache-control': 'max-age=0',
32 silly registry.get     'content-length': '51',
32 silly registry.get     'accept-ranges': 'bytes',
32 silly registry.get     date: 'Sat, 02 May 2015 13:13:34 GMT',
32 silly registry.get     via: '1.1 varnish',
32 silly registry.get     age: '0',
32 silly registry.get     connection: 'keep-alive',
32 silly registry.get     'x-served-by': 'cache-fra1227-FRA',
32 silly registry.get     'x-cache': 'MISS',
32 silly registry.get     'x-cache-hits': '0',
32 silly registry.get     'x-timer': 'S1430572413.340607,VS0,VE722' } ]
33 silly lockFile 0d0d9925-grunt-contrib-gunit grunt-contrib-gunit@
34 silly lockFile 0d0d9925-grunt-contrib-gunit grunt-contrib-gunit@
35 error 404 404 Not Found: grunt-contrib-gunit
35 error 404
35 error 404 'grunt-contrib-gunit' is not in the npm registry.
35 error 404 You should bug the author to publish it
35 error 404 It was specified as a dependency of 'etiyapolling'
35 error 404
35 error 404 Note that you can also install from a
35 error 404 tarball, folder, or http url, or git url.
36 error System Windows_NT 6.2.9200
37 error command "C:\\Program Files\\nodejs\\\\node.exe" "C:\\Program Files\\nodejs\\node_modules\\npm\\bin\\npm-cli.js" "install" "grunt-contrib-gunit" "--save-dev"
38 error cwd C:\Users\Cemre\Desktop\AngularJs Anket App
39 error node -v v0.10.33
40 error npm -v 1.4.28
41 error code E404
42 verbose exit [ 1, true ]
